e:\semister v studies\be project\mfcapplication3\mfcapplication3\debug\mfcapplication3.pch
e:\semister v studies\be project\mfcapplication3\mfcapplication3\debug\vc140.pdb
e:\semister v studies\be project\mfcapplication3\mfcapplication3\debug\vc140.idb
e:\semister v studies\be project\mfcapplication3\mfcapplication3\debug\stdafx.obj
e:\semister v studies\be project\mfcapplication3\mfcapplication3\debug\buttondialogue.obj
e:\semister v studies\be project\mfcapplication3\mfcapplication3\debug\childview.obj
e:\semister v studies\be project\mfcapplication3\mfcapplication3\debug\element.obj
e:\semister v studies\be project\mfcapplication3\mfcapplication3\debug\label.obj
e:\semister v studies\be project\mfcapplication3\mfcapplication3\debug\labeldialogue.obj
e:\semister v studies\be project\mfcapplication3\mfcapplication3\debug\mainfrm.obj
e:\semister v studies\be project\mfcapplication3\mfcapplication3\debug\mfcapplication3.obj
e:\semister v studies\be project\mfcapplication3\mfcapplication3\debug\mycanvas.obj
e:\semister v studies\be project\mfcapplication3\mfcapplication3\debug\rectbutton.obj
e:\semister v studies\be project\mfcapplication3\mfcapplication3\debug\selrect.obj
e:\semister v studies\be project\mfcapplication3\mfcapplication3\debug\mfcapplication3.res
e:\semister v studies\be project\mfcapplication3\debug\mfcapplication3.pdb
e:\semister v studies\be project\mfcapplication3\mfcapplication3\debug\mfcapplication3.tlog\cl.command.1.tlog
e:\semister v studies\be project\mfcapplication3\mfcapplication3\debug\mfcapplication3.tlog\cl.read.1.tlog
e:\semister v studies\be project\mfcapplication3\mfcapplication3\debug\mfcapplication3.tlog\cl.write.1.tlog
e:\semister v studies\be project\mfcapplication3\mfcapplication3\debug\mfcapplication3.tlog\link-cvtres.read.1.tlog
e:\semister v studies\be project\mfcapplication3\mfcapplication3\debug\mfcapplication3.tlog\link-cvtres.write.1.tlog
e:\semister v studies\be project\mfcapplication3\mfcapplication3\debug\mfcapplication3.tlog\link-mt.read.1.tlog
e:\semister v studies\be project\mfcapplication3\mfcapplication3\debug\mfcapplication3.tlog\link-mt.write.1.tlog
e:\semister v studies\be project\mfcapplication3\mfcapplication3\debug\mfcapplication3.tlog\link-rc.read.1.tlog
e:\semister v studies\be project\mfcapplication3\mfcapplication3\debug\mfcapplication3.tlog\link-rc.write.1.tlog
e:\semister v studies\be project\mfcapplication3\mfcapplication3\debug\mfcapplication3.tlog\link.command.1.tlog
e:\semister v studies\be project\mfcapplication3\mfcapplication3\debug\mfcapplication3.tlog\link.read.1.tlog
e:\semister v studies\be project\mfcapplication3\mfcapplication3\debug\mfcapplication3.tlog\link.write.1.tlog
e:\semister v studies\be project\mfcapplication3\mfcapplication3\debug\mfcapplication3.tlog\rc.command.1.tlog
e:\semister v studies\be project\mfcapplication3\mfcapplication3\debug\mfcapplication3.tlog\rc.read.1.tlog
e:\semister v studies\be project\mfcapplication3\mfcapplication3\debug\mfcapplication3.tlog\rc.write.1.tlog
